============================= test session starts =============================
platform win32 -- Python 3.14.4, pytest-9.1.1, pluggy-1.6.0 -- E:\college\pg\second course\new\Applied A.I. Solutions Development\Deep Learning 2\FlameGuard_AI\.venv\Scripts\python.exe
rootdir: E:\college\pg\second course\new\Applied A.I. Solutions Development\Deep Learning 2\FlameGuard_AI
plugins: anyio-4.14.2
collecting ... collected 66 items

tests/test_app_import.py::test_src_module_imports[src.paths] PASSED      [  1%]
tests/test_app_import.py::test_src_module_imports[src.config] PASSED     [  3%]
tests/test_app_import.py::test_src_module_imports[src.utils] PASSED      [  4%]
tests/test_app_import.py::test_src_module_imports[src.annotation_parser] PASSED [  6%]
tests/test_app_import.py::test_src_module_imports[src.dataset_validator] PASSED [  7%]
tests/test_app_import.py::test_src_module_imports[src.resplit] PASSED    [  9%]
tests/test_app_import.py::test_src_module_imports[src.eda] PASSED        [ 10%]
tests/test_app_import.py::test_src_module_imports[src.metrics] PASSED    [ 12%]
tests/test_app_import.py::test_src_module_imports[src.evaluate] PASSED   [ 13%]
tests/test_app_import.py::test_src_module_imports[src.train] PASSED      [ 15%]
tests/test_app_import.py::test_src_module_imports[src.inference] PASSED  [ 16%]
tests/test_app_import.py::test_src_module_imports[src.image_inference] PASSED [ 18%]
tests/test_app_import.py::test_src_module_imports[src.video_inference] PASSED [ 19%]
tests/test_app_import.py::test_src_module_imports[src.visualizations] PASSED [ 21%]
tests/test_app_import.py::test_app_compiles PASSED                       [ 22%]
tests/test_app_import.py::test_webcam_script_compiles PASSED             [ 24%]
tests/test_app_import.py::test_metrics_json_loadable_when_present SKIPPED [ 25%]
tests/test_config.py::test_project_root_is_this_repo PASSED              [ 27%]
tests/test_config.py::test_ensure_output_dirs PASSED                     [ 28%]
tests/test_config.py::test_class_names_mapping PASSED                    [ 30%]
tests/test_config.py::test_class_colors_are_bgr_triples PASSED           [ 31%]
tests/test_config.py::test_app_config_required_keys PASSED               [ 33%]
tests/test_config.py::test_training_config_experiments PASSED            [ 34%]
tests/test_config.py::test_rel_to_root PASSED                            [ 36%]
tests/test_dataset.py::test_data_yaml_parses_with_two_classes PASSED     [ 37%]
tests/test_dataset.py::test_images_and_labels_match[train] PASSED        [ 39%]
tests/test_dataset.py::test_images_and_labels_match[valid] PASSED        [ 40%]
tests/test_dataset.py::test_images_and_labels_match[test] PASSED         [ 42%]
tests/test_dataset.py::test_parse_valid_label PASSED                     [ 43%]
tests/test_dataset.py::test_parse_invalid_labels[2 0.5 0.5 0.2 0.2-invalid class id] PASSED [ 45%]
tests/test_dataset.py::test_parse_invalid_labels[0 1.5 0.5 0.2 0.2-outside [0,1]] PASSED [ 46%]
tests/test_dataset.py::test_parse_invalid_labels[0 0.5 0.5-expected 5 fields] PASSED [ 48%]
tests/test_dataset.py::test_parse_invalid_labels[0 a b c d-non-numeric] PASSED [ 50%]
tests/test_dataset.py::test_parse_invalid_labels[0 0.5 0.5 5e-05 0.2-degenerate box] PASSED [ 51%]
tests/test_dataset.py::test_parse_invalid_labels[0 0.05 0.5 0.2 0.2-outside image bounds] PASSED [ 53%]
tests/test_dataset.py::test_empty_label_file_is_valid_negative PASSED    [ 54%]
tests/test_dataset.py::test_label_path_for_image PASSED                  [ 56%]
tests/test_dataset.py::test_canonical_stem_strips_augmentation_markers[WEBSmoke390_jpg.rf.abc123def.jpg-websmoke390] PASSED [ 57%]
tests/test_dataset.py::test_canonical_stem_strips_augmentation_markers[MirrorWEBSmoke390_jpg.rf.0d72f8f.jpg-websmoke390] PASSED [ 59%]
tests/test_dataset.py::test_canonical_stem_strips_augmentation_markers[NoiseWEBFire12_jpg.rf.99aa.jpg-webfire12] PASSED [ 60%]
tests/test_dataset.py::test_canonical_stem_strips_augmentation_markers[Img_1063_jpg.rf.ecd12a3d.jpg-img_1063] PASSED [ 62%]
tests/test_image_inference.py::test_cpu_inference_on_dataset_image PASSED [ 63%]
tests/test_image_inference.py::test_no_detection_path PASSED             [ 65%]
tests/test_image_inference.py::test_known_limitation_flat_colour_false_positive PASSED [ 66%]
tests/test_image_inference.py::test_corrupt_bytes_raise_invalid_image PASSED [ 68%]
tests/test_image_inference.py::test_unsupported_suffix_rejected PASSED   [ 69%]
tests/test_image_inference.py::test_detection_records_schema PASSED      [ 71%]
tests/test_image_inference.py::test_annotated_png_roundtrip PASSED       [ 72%]
tests/test_model_loading.py::test_missing_model_raises_helpful_error PASSED [ 74%]
tests/test_model_loading.py::test_engine_loads_on_cpu PASSED             [ 75%]
tests/test_model_loading.py::test_engine_device_description PASSED       [ 77%]
tests/test_output_generation.py::test_save_detection_outputs_creates_three_files PASSED [ 78%]
tests/test_output_generation.py::test_records_csv_parses_back PASSED     [ 80%]
tests/test_output_generation.py::test_records_json_valid_when_empty PASSED [ 81%]
tests/test_output_generation.py::test_no_stray_files_outside_tmp PASSED  [ 83%]
tests/test_output_generation.py::test_video_processing_leaves_no_temp_files PASSED [ 84%]
tests/test_video_inference.py::test_probe_valid_video PASSED             [ 86%]
tests/test_video_inference.py::test_probe_invalid_video PASSED           [ 87%]
tests/test_video_inference.py::test_probe_missing_video PASSED           [ 89%]
tests/test_video_inference.py::test_process_video_end_to_end PASSED      [ 90%]
tests/test_video_inference.py::test_ffmpeg_is_locatable PASSED           [ 92%]
tests/test_webcam_components.py::test_smoother_requires_min_hits PASSED  [ 93%]
tests/test_webcam_components.py::test_smoother_suppresses_single_frame_flicker PASSED [ 95%]
tests/test_webcam_components.py::test_smoother_both_classes PASSED       [ 96%]
tests/test_webcam_components.py::test_smoother_recovers_after_window PASSED [ 98%]
tests/test_webcam_components.py::test_open_camera_returns_capture_object PASSED [100%]

======================== 65 passed, 1 skipped in 9.84s ========================
